Grading at Sun Feb  3 09:27:20 UTC 2019
Trying to compile your code and link with squares_test.o
squares_test.o: In function `main':
squares_test.c:(.text+0xe2): multiple definition of `main'
/tmp/ccVuiw4s.o:squares.c:(.text+0x14b): first defined here
collect2: error: ld returned 1 exit status
Could not compile your code

Overall Grade: FAILED
